<?xml version="1.0" encoding="UTF-8"?>
<!-- Generated by org.testng.reporters.JUnitReportReporter -->
<testsuite hostname="PUN2OL-F6GJ7C3" failures="0" tests="2" name="MethodChain" time="5.893" errors="0" timestamp="2022-05-29T17:05:56 IST" skipped="0">
  <testcase classname="MethodChain" name="getRequest" time="5.226"/>
  <system-out/>
  <testcase classname="MethodChain" name="getRequest2" time="0.667"/>
  <system-out/>
</testsuite> <!-- MethodChain -->
