<?xml version="1.0" encoding="UTF-8"?>
<!-- Generated by org.testng.reporters.JUnitReportReporter -->
<testsuite hostname="Pranali" failures="0" tests="1" name="TokenizedAuthorization2" time="10.475" errors="0" timestamp="2022-09-10T07:55:17 IST" skipped="0">
  <testcase classname="TokenizedAuthorization2" name="bookAdd" time="10.475"/>
  <system-out/>
</testsuite> <!-- TokenizedAuthorization2 -->
