<?xml version="1.0" encoding="UTF-8"?>
<!-- Generated by org.testng.reporters.JUnitReportReporter -->
<testsuite hostname="LVAGPLTP4832" failures="0" tests="6" name="PetStoreTest" time="8.407" errors="0" timestamp="2022-10-04T11:01:01 EEST" skipped="0">
  <testcase classname="PetStoreTest" name="loginRequest" time="3.623"/>
  <system-out/>
  <testcase classname="PetStoreTest" name="userCreationRequest" time="0.973"/>
  <system-out/>
  <testcase classname="PetStoreTest" name="petCreationRequest" time="0.758"/>
  <system-out/>
  <testcase classname="PetStoreTest" name="placeOrderRequest" time="1.455"/>
  <system-out/>
  <testcase classname="PetStoreTest" name="getOrderRequest" time="0.824"/>
  <system-out/>
  <testcase classname="PetStoreTest" name="logout" time="0.774"/>
  <system-out/>
</testsuite> <!-- PetStoreTest -->
