<?xml version="1.0" encoding="UTF-8"?>
<!-- Generated by org.testng.reporters.JUnitReportReporter -->
<testsuite hostname="PUN2OL-F6GJ7C3" failures="0" tests="1" name="Request" time="2.569" errors="0" timestamp="2022-08-29T16:05:31 IST" skipped="0">
  <testcase classname="Request" name="putRequest" time="2.569"/>
  <system-out/>
</testsuite> <!-- Request -->
