<?xml version="1.0" encoding="UTF-8"?>
<!-- Generated by org.testng.reporters.JUnitReportReporter -->
<testsuite hostname="Pranali" failures="0" tests="1" name="Request2" time="6.039" errors="0" timestamp="2022-09-09T08:07:06 IST" skipped="0">
  <testcase classname="Request2" name="basicAuthRequest" time="6.039"/>
  <system-out/>
</testsuite> <!-- Request2 -->
