<?xml version="1.0" encoding="UTF-8"?>
<!-- Generated by org.testng.reporters.JUnitReportReporter -->
<testsuite hostname="Pranali" failures="0" tests="1" name="Request1" time="6.968" errors="0" timestamp="2022-09-05T08:51:31 IST" skipped="0">
  <testcase classname="Request1" name="basicauth" time="6.968"/>
  <system-out/>
</testsuite> <!-- Request1 -->
