<?xml version="1.0" encoding="UTF-8"?>
<!-- Generated by org.testng.reporters.JUnitReportReporter -->
<testsuite hostname="LVAGPLTP4832" failures="0" tests="6" name="navinDhoteRest" time="8.059" errors="0" timestamp="2022-10-04T10:54:31 EEST" skipped="0">
  <testcase classname="navinDhoteRest" name="loginRequest" time="3.278"/>
  <system-out/>
  <testcase classname="navinDhoteRest" name="userCreationRequest" time="0.946"/>
  <system-out/>
  <testcase classname="navinDhoteRest" name="petCreationRequest" time="0.828"/>
  <system-out/>
  <testcase classname="navinDhoteRest" name="placeOrderRequest" time="1.415"/>
  <system-out/>
  <testcase classname="navinDhoteRest" name="getOrderRequest" time="0.783"/>
  <system-out/>
  <testcase classname="navinDhoteRest" name="logout" time="0.809"/>
  <system-out/>
</testsuite> <!-- navinDhoteRest -->
