<?xml version="1.0" encoding="UTF-8"?>
<!-- Generated by org.testng.reporters.JUnitReportReporter -->
<testsuite hostname="Pranali" failures="0" tests="1" name="PUTCallForSerializationDeserialization" time="9.208" errors="0" timestamp="2022-09-11T08:16:54 IST" skipped="0">
  <testcase classname="PUTCallForSerializationDeserialization" name="putRequest" time="9.208"/>
  <system-out/>
</testsuite> <!-- PUTCallForSerializationDeserialization -->
