<?xml version="1.0" encoding="UTF-8"?>
<!-- Generated by org.testng.reporters.JUnitReportReporter -->
<testsuite hostname="LVAGPLTP4832" failures="0" tests="6" name="com.petstore.test.PetStoreTest" time="8.157" errors="0" timestamp="2022-10-04T11:02:54 EEST" skipped="0">
  <testcase classname="com.petstore.test.PetStoreTest" name="loginRequest" time="3.366"/>
  <system-out/>
  <testcase classname="com.petstore.test.PetStoreTest" name="userCreationRequest" time="0.919"/>
  <system-out/>
  <testcase classname="com.petstore.test.PetStoreTest" name="petCreationRequest" time="0.806"/>
  <system-out/>
  <testcase classname="com.petstore.test.PetStoreTest" name="placeOrderRequest" time="1.536"/>
  <system-out/>
  <testcase classname="com.petstore.test.PetStoreTest" name="getOrderRequest" time="0.782"/>
  <system-out/>
  <testcase classname="com.petstore.test.PetStoreTest" name="logout" time="0.748"/>
  <system-out/>
</testsuite> <!-- com.petstore.test.PetStoreTest -->
