<?xml version="1.0" encoding="UTF-8"?>
<!-- Generated by org.testng.reporters.JUnitReportReporter -->
<testsuite hostname="Pranali" failures="0" tests="1" name="TokenizedAuthorization1" time="6.559" errors="0" timestamp="2022-09-06T08:53:23 IST" skipped="0">
  <testcase classname="TokenizedAuthorization1" name="recordcreation" time="6.559"/>
  <system-out/>
</testsuite> <!-- TokenizedAuthorization1 -->
